Performing C SOURCE FILE Test CMAKE_HAVE_LIBC_PTHREAD failed with the following output:
Change Dir: /home/yujwu/Documents/gr-lora_sdr/build/CMakeFiles/CMakeTmp

Run Build Command(s):/usr/bin/gmake -f Makefile cmTC_dfc82/fast && /usr/bin/gmake  -f CMakeFiles/cmTC_dfc82.dir/build.make CMakeFiles/cmTC_dfc82.dir/build
gmake[1]: Entering directory `/home/yujwu/Documents/gr-lora_sdr/build/CMakeFiles/CMakeTmp'
Building C object CMakeFiles/cmTC_dfc82.dir/src.c.o
/home/yujwu/conda/envs/gr310/bin/x86_64-conda-linux-gnu-cc -DCMAKE_HAVE_LIBC_PTHREAD  -march=nocona -mtune=haswell -ftree-vectorize -fPIC -fstack-protector-strong -fno-plt -O2 -ffunction-sections -pipe -isystem /home/yujwu/conda/envs/gr310/include  -o CMakeFiles/cmTC_dfc82.dir/src.c.o -c /home/yujwu/Documents/gr-lora_sdr/build/CMakeFiles/CMakeTmp/src.c
Linking C executable cmTC_dfc82
/home/yujwu/conda/envs/gr310/bin/cmake -E cmake_link_script CMakeFiles/cmTC_dfc82.dir/link.txt --verbose=1
/home/yujwu/conda/envs/gr310/bin/x86_64-conda-linux-gnu-cc -march=nocona -mtune=haswell -ftree-vectorize -fPIC -fstack-protector-strong -fno-plt -O2 -ffunction-sections -pipe -isystem /home/yujwu/conda/envs/gr310/include  -Wl,-O2 -Wl,--sort-common -Wl,--as-needed -Wl,-z,relro -Wl,-z,now -Wl,--disable-new-dtags -Wl,--gc-sections -Wl,--allow-shlib-undefined -Wl,-rpath,/home/yujwu/conda/envs/gr310/lib -Wl,-rpath-link,/home/yujwu/conda/envs/gr310/lib -L/home/yujwu/conda/envs/gr310/lib  CMakeFiles/cmTC_dfc82.dir/src.c.o -o cmTC_dfc82 
/home/yujwu/conda/envs/gr310/bin/../lib/gcc/x86_64-conda-linux-gnu/10.4.0/../../../../x86_64-conda-linux-gnu/bin/ld: CMakeFiles/cmTC_dfc82.dir/src.c.o: in function `main':
src.c:(.text.startup.main+0x24): undefined reference to `pthread_create'
/home/yujwu/conda/envs/gr310/bin/../lib/gcc/x86_64-conda-linux-gnu/10.4.0/../../../../x86_64-conda-linux-gnu/bin/ld: src.c:(.text.startup.main+0x2e): undefined reference to `pthread_detach'
/home/yujwu/conda/envs/gr310/bin/../lib/gcc/x86_64-conda-linux-gnu/10.4.0/../../../../x86_64-conda-linux-gnu/bin/ld: src.c:(.text.startup.main+0x38): undefined reference to `pthread_cancel'
/home/yujwu/conda/envs/gr310/bin/../lib/gcc/x86_64-conda-linux-gnu/10.4.0/../../../../x86_64-conda-linux-gnu/bin/ld: src.c:(.text.startup.main+0x44): undefined reference to `pthread_join'
/home/yujwu/conda/envs/gr310/bin/../lib/gcc/x86_64-conda-linux-gnu/10.4.0/../../../../x86_64-conda-linux-gnu/bin/ld: src.c:(.text.startup.main+0x50): undefined reference to `pthread_atfork'
collect2: error: ld returned 1 exit status
gmake[1]: *** [cmTC_dfc82] Error 1
gmake[1]: Leaving directory `/home/yujwu/Documents/gr-lora_sdr/build/CMakeFiles/CMakeTmp'
gmake: *** [cmTC_dfc82/fast] Error 2


Source file was:
#include <pthread.h>

static void* test_func(void* data)
{
  return data;
}

int main(void)
{
  pthread_t thread;
  pthread_create(&thread, NULL, test_func, NULL);
  pthread_detach(thread);
  pthread_cancel(thread);
  pthread_join(thread, NULL);
  pthread_atfork(NULL, NULL, NULL);
  pthread_exit(NULL);

  return 0;
}

Determining if the function pthread_create exists in the pthreads failed with the following output:
Change Dir: /home/yujwu/Documents/gr-lora_sdr/build/CMakeFiles/CMakeTmp

Run Build Command(s):/usr/bin/gmake -f Makefile cmTC_b261c/fast && /usr/bin/gmake  -f CMakeFiles/cmTC_b261c.dir/build.make CMakeFiles/cmTC_b261c.dir/build
gmake[1]: Entering directory `/home/yujwu/Documents/gr-lora_sdr/build/CMakeFiles/CMakeTmp'
Building C object CMakeFiles/cmTC_b261c.dir/CheckFunctionExists.c.o
/home/yujwu/conda/envs/gr310/bin/x86_64-conda-linux-gnu-cc   -march=nocona -mtune=haswell -ftree-vectorize -fPIC -fstack-protector-strong -fno-plt -O2 -ffunction-sections -pipe -isystem /home/yujwu/conda/envs/gr310/include -DCHECK_FUNCTION_EXISTS=pthread_create -o CMakeFiles/cmTC_b261c.dir/CheckFunctionExists.c.o -c /home/yujwu/conda/envs/gr310/share/cmake-3.23/Modules/CheckFunctionExists.c
Linking C executable cmTC_b261c
/home/yujwu/conda/envs/gr310/bin/cmake -E cmake_link_script CMakeFiles/cmTC_b261c.dir/link.txt --verbose=1
/home/yujwu/conda/envs/gr310/bin/x86_64-conda-linux-gnu-cc -march=nocona -mtune=haswell -ftree-vectorize -fPIC -fstack-protector-strong -fno-plt -O2 -ffunction-sections -pipe -isystem /home/yujwu/conda/envs/gr310/include -DCHECK_FUNCTION_EXISTS=pthread_create -Wl,-O2 -Wl,--sort-common -Wl,--as-needed -Wl,-z,relro -Wl,-z,now -Wl,--disable-new-dtags -Wl,--gc-sections -Wl,--allow-shlib-undefined -Wl,-rpath,/home/yujwu/conda/envs/gr310/lib -Wl,-rpath-link,/home/yujwu/conda/envs/gr310/lib -L/home/yujwu/conda/envs/gr310/lib  CMakeFiles/cmTC_b261c.dir/CheckFunctionExists.c.o -o cmTC_b261c  -lpthreads 
/home/yujwu/conda/envs/gr310/bin/../lib/gcc/x86_64-conda-linux-gnu/10.4.0/../../../../x86_64-conda-linux-gnu/bin/ld: cannot find -lpthreads
collect2: error: ld returned 1 exit status
gmake[1]: *** [cmTC_b261c] Error 1
gmake[1]: Leaving directory `/home/yujwu/Documents/gr-lora_sdr/build/CMakeFiles/CMakeTmp'
gmake: *** [cmTC_b261c/fast] Error 2



